<?xml version="1.0" encoding="UTF-8" ?>
<testsuite tests="1" failures="0" name="ex24.ex24Test" time="0.003" errors="0" skipped="0">
  <properties>
    <property name="java.runtime.name" value="OpenJDK Runtime Environment"/>
    <property name="java.vm.version" value="16.0.2+7"/>
    <property name="sun.boot.library.path" value="/usr/lib/jvm/java-16-openjdk/lib"/>
    <property name="maven.multiModuleProjectDirectory" value="/home/mategam/IdeaProjects/COP3330/Homework2-cop3330"/>
    <property name="java.vm.vendor" value="Oracle Corporation"/>
    <property name="java.vendor.url" value="https://openjdk.java.net/"/>
    <property name="path.separator" value=":"/>
    <property name="guice.disable.misplaced.annotation.check" value="true"/>
    <property name="java.vm.name" value="OpenJDK 64-Bit Server VM"/>
    <property name="user.country" value="US"/>
    <property name="sun.java.launcher" value="SUN_STANDARD"/>
    <property name="java.vm.specification.name" value="Java Virtual Machine Specification"/>
    <property name="user.dir" value="/home/mategam/IdeaProjects/COP3330/Homework2-cop3330"/>
    <property name="java.vm.compressedOopsMode" value="Zero based"/>
    <property name="java.runtime.version" value="16.0.2+7"/>
    <property name="os.arch" value="amd64"/>
    <property name="java.io.tmpdir" value="/tmp"/>
    <property name="line.separator" value="
"/>
    <property name="java.vm.specification.vendor" value="Oracle Corporation"/>
    <property name="os.name" value="Linux"/>
    <property name="classworlds.conf" value="/home/mategam/maven/bin/m2.conf"/>
    <property name="sun.jnu.encoding" value="UTF-8"/>
    <property name="java.library.path" value="/usr/java/packages/lib:/usr/lib64:/lib64:/lib:/usr/lib"/>
    <property name="maven.conf" value="/home/mategam/maven/conf"/>
    <property name="jdk.debug" value="release"/>
    <property name="java.class.version" value="60.0"/>
    <property name="java.specification.name" value="Java Platform API Specification"/>
    <property name="sun.management.compiler" value="HotSpot 64-Bit Tiered Compilers"/>
    <property name="os.version" value="5.13.12-arch1-1"/>
    <property name="user.home" value="/home/mategam"/>
    <property name="user.timezone" value="America/New_York"/>
    <property name="file.encoding" value="UTF-8"/>
    <property name="java.specification.version" value="16"/>
    <property name="user.name" value="mategam"/>
    <property name="java.class.path" value="/home/mategam/maven/boot/plexus-classworlds-2.6.0.jar"/>
    <property name="java.vm.specification.version" value="16"/>
    <property name="sun.arch.data.model" value="64"/>
    <property name="sun.java.command" value="org.codehaus.plexus.classworlds.launcher.Launcher test"/>
    <property name="java.home" value="/usr/lib/jvm/java-16-openjdk"/>
    <property name="user.language" value="en"/>
    <property name="java.specification.vendor" value="Oracle Corporation"/>
    <property name="java.vm.info" value="mixed mode"/>
    <property name="java.version" value="16.0.2"/>
    <property name="java.vendor" value="N/A"/>
    <property name="maven.home" value="/home/mategam/maven"/>
    <property name="file.separator" value="/"/>
    <property name="java.version.date" value="2021-07-20"/>
    <property name="java.vendor.url.bug" value="https://bugreport.java.com/bugreport/"/>
    <property name="sun.io.unicode.encoding" value="UnicodeLittle"/>
    <property name="sun.cpu.endian" value="little"/>
  </properties>
  <testcase classname="ex24.ex24Test" name="testEx24" time="0.003"/>
</testsuite>